p_run;1567371690;zanox_com_nl_xml_nl_shopping;1591;0;https://www.jemappelle.nl/media/xmlFeedExport/zanox/StyleLounge.xml
p_run;1567371693;custom_feed_layout_xml_international_product;1319;0;https://www.jemappelle.nl/media/xmlFeedExport/custom/Criteo.xml
p_run;1567371695;zanox_com_nl_xml_nl_shopping;1333;0;https://www.jemappelle.nl/media/xmlFeedExport/zanox/Stylelounge.xml
p_run;1567375277;zanox_com_nl_xml_nl_shopping;1589;0;https://www.jemappelle.nl/media/xmlFeedExport/zanox/StyleLounge.xml
p_run;1567378908;zanox_com_nl_xml_nl_shopping;1589;0;https://www.jemappelle.nl/media/xmlFeedExport/zanox/StyleLounge.xml
p_run;1567378908;google_nl_xml_nl_rss_2_0;332;0;https://www.jemappelle.nl/media/xmlFeedExport/google/Facebook.xml
p_run;1567406728;google_nl_xml_nl_rss_2_0;332;0;https://www.jemappelle.nl/media/xmlFeedExport/google/Facebook.xml
p_run;1567406730;zanox_com_nl_xml_nl_shopping;1331;0;https://www.jemappelle.nl/media/xmlFeedExport/zanox/Stylelounge.xml
p_run;1567407672;zanox_com_nl_xml_nl_shopping;1589;0;https://www.jemappelle.nl/media/xmlFeedExport/zanox/StyleLounge.xml
p_run;1567411275;zanox_com_nl_xml_nl_shopping;1589;0;https://www.jemappelle.nl/media/xmlFeedExport/zanox/StyleLounge.xml
p_run;1567411276;google_nl_xml_nl_rss_2_0;332;0;https://www.jemappelle.nl/media/xmlFeedExport/google/Facebook.xml
p_run;1567414877;zanox_com_nl_xml_nl_shopping;1589;0;https://www.jemappelle.nl/media/xmlFeedExport/zanox/StyleLounge.xml
p_run;1567414880;custom_feed_layout_xml_international_product;1319;0;https://www.jemappelle.nl/media/xmlFeedExport/custom/Criteo.xml
p_run;1567414882;zanox_com_nl_xml_nl_shopping;1331;0;https://www.jemappelle.nl/media/xmlFeedExport/zanox/Stylelounge.xml
p_run;1567418517;zanox_com_nl_xml_nl_shopping;1588;0;https://www.jemappelle.nl/media/xmlFeedExport/zanox/StyleLounge.xml
p_run;1567422111;zanox_com_nl_xml_nl_shopping;1588;0;https://www.jemappelle.nl/media/xmlFeedExport/zanox/StyleLounge.xml
p_run;1567422112;google_nl_xml_nl_rss_2_0;332;0;https://www.jemappelle.nl/media/xmlFeedExport/google/Facebook.xml
p_run;1567425736;zanox_com_nl_xml_nl_shopping;1593;0;https://www.jemappelle.nl/media/xmlFeedExport/zanox/StyleLounge.xml
p_run;1567425739;custom_feed_layout_xml_international_product;1319;0;https://www.jemappelle.nl/media/xmlFeedExport/custom/Criteo.xml
p_run;1567425741;zanox_com_nl_xml_nl_shopping;1335;0;https://www.jemappelle.nl/media/xmlFeedExport/zanox/Stylelounge.xml
p_run;1567429288;zanox_com_nl_xml_nl_shopping;1592;0;https://www.jemappelle.nl/media/xmlFeedExport/zanox/StyleLounge.xml
p_run;1567432850;zanox_com_nl_xml_nl_shopping;1592;0;https://www.jemappelle.nl/media/xmlFeedExport/zanox/StyleLounge.xml
p_run;1567432851;google_nl_xml_nl_rss_2_0;332;0;https://www.jemappelle.nl/media/xmlFeedExport/google/Facebook.xml
p_run;1567436495;zanox_com_nl_xml_nl_shopping;1601;0;https://www.jemappelle.nl/media/xmlFeedExport/zanox/StyleLounge.xml
p_run;1567436498;custom_feed_layout_xml_international_product;1319;0;https://www.jemappelle.nl/media/xmlFeedExport/custom/Criteo.xml
p_run;1567436500;zanox_com_nl_xml_nl_shopping;1341;0;https://www.jemappelle.nl/media/xmlFeedExport/zanox/Stylelounge.xml
p_run;1567440148;zanox_com_nl_xml_nl_shopping;1599;0;https://www.jemappelle.nl/media/xmlFeedExport/zanox/StyleLounge.xml
p_run;1567443701;zanox_com_nl_xml_nl_shopping;1598;0;https://www.jemappelle.nl/media/xmlFeedExport/zanox/StyleLounge.xml
p_run;1567443702;google_nl_xml_nl_rss_2_0;334;0;https://www.jemappelle.nl/media/xmlFeedExport/google/Facebook.xml
p_run;1567447302;zanox_com_nl_xml_nl_shopping;1597;0;https://www.jemappelle.nl/media/xmlFeedExport/zanox/StyleLounge.xml
p_run;1567447305;custom_feed_layout_xml_international_product;1319;0;https://www.jemappelle.nl/media/xmlFeedExport/custom/Criteo.xml
p_run;1567447307;zanox_com_nl_xml_nl_shopping;1337;0;https://www.jemappelle.nl/media/xmlFeedExport/zanox/Stylelounge.xml
p_run;1567450904;zanox_com_nl_xml_nl_shopping;1596;0;https://www.jemappelle.nl/media/xmlFeedExport/zanox/StyleLounge.xml
p_run;1567454470;zanox_com_nl_xml_nl_shopping;1596;0;https://www.jemappelle.nl/media/xmlFeedExport/zanox/StyleLounge.xml
p_run;1567454471;google_nl_xml_nl_rss_2_0;334;0;https://www.jemappelle.nl/media/xmlFeedExport/google/Facebook.xml
p_run;1567458109;zanox_com_nl_xml_nl_shopping;1594;0;https://www.jemappelle.nl/media/xmlFeedExport/zanox/StyleLounge.xml
p_run;1567458112;custom_feed_layout_xml_international_product;1319;0;https://www.jemappelle.nl/media/xmlFeedExport/custom/Criteo.xml
p_run;1567458114;zanox_com_nl_xml_nl_shopping;1334;0;https://www.jemappelle.nl/media/xmlFeedExport/zanox/Stylelounge.xml
p_run;1567461668;zanox_com_nl_xml_nl_shopping;1593;0;https://www.jemappelle.nl/media/xmlFeedExport/zanox/StyleLounge.xml
p_run;1567465296;zanox_com_nl_xml_nl_shopping;1592;0;https://www.jemappelle.nl/media/xmlFeedExport/zanox/StyleLounge.xml
p_run;1567465297;google_nl_xml_nl_rss_2_0;334;0;https://www.jemappelle.nl/media/xmlFeedExport/google/Facebook.xml
p_run;1567493130;google_nl_xml_nl_rss_2_0;334;0;https://www.jemappelle.nl/media/xmlFeedExport/google/Facebook.xml
p_run;1567493132;zanox_com_nl_xml_nl_shopping;1332;0;https://www.jemappelle.nl/media/xmlFeedExport/zanox/Stylelounge.xml
p_run;1567494080;zanox_com_nl_xml_nl_shopping;1592;0;https://www.jemappelle.nl/media/xmlFeedExport/zanox/StyleLounge.xml
p_run;1567497658;zanox_com_nl_xml_nl_shopping;1592;0;https://www.jemappelle.nl/media/xmlFeedExport/zanox/StyleLounge.xml
p_run;1567497659;google_nl_xml_nl_rss_2_0;334;0;https://www.jemappelle.nl/media/xmlFeedExport/google/Facebook.xml
p_run;1567501287;zanox_com_nl_xml_nl_shopping;1587;0;https://www.jemappelle.nl/media/xmlFeedExport/zanox/StyleLounge.xml
p_run;1567501290;custom_feed_layout_xml_international_product;1319;0;https://www.jemappelle.nl/media/xmlFeedExport/custom/Criteo.xml
p_run;1567501292;zanox_com_nl_xml_nl_shopping;1327;0;https://www.jemappelle.nl/media/xmlFeedExport/zanox/Stylelounge.xml
p_run;1567504927;zanox_com_nl_xml_nl_shopping;1586;0;https://www.jemappelle.nl/media/xmlFeedExport/zanox/StyleLounge.xml
p_run;1567508576;zanox_com_nl_xml_nl_shopping;1586;0;https://www.jemappelle.nl/media/xmlFeedExport/zanox/StyleLounge.xml
p_run;1567508577;google_nl_xml_nl_rss_2_0;333;0;https://www.jemappelle.nl/media/xmlFeedExport/google/Facebook.xml
p_run;1567512129;zanox_com_nl_xml_nl_shopping;1586;0;https://www.jemappelle.nl/media/xmlFeedExport/zanox/StyleLounge.xml
p_run;1567512132;custom_feed_layout_xml_international_product;1319;0;https://www.jemappelle.nl/media/xmlFeedExport/custom/Criteo.xml
p_run;1567512134;zanox_com_nl_xml_nl_shopping;1326;0;https://www.jemappelle.nl/media/xmlFeedExport/zanox/Stylelounge.xml
p_run;1567515692;zanox_com_nl_xml_nl_shopping;1586;0;https://www.jemappelle.nl/media/xmlFeedExport/zanox/StyleLounge.xml
p_run;1567519319;zanox_com_nl_xml_nl_shopping;1586;0;https://www.jemappelle.nl/media/xmlFeedExport/zanox/StyleLounge.xml
p_run;1567519320;google_nl_xml_nl_rss_2_0;333;0;https://www.jemappelle.nl/media/xmlFeedExport/google/Facebook.xml
p_run;1567522953;zanox_com_nl_xml_nl_shopping;1619;0;https://www.jemappelle.nl/media/xmlFeedExport/zanox/StyleLounge.xml
p_run;1567522956;custom_feed_layout_xml_international_product;1319;0;https://www.jemappelle.nl/media/xmlFeedExport/custom/Criteo.xml
p_run;1567522958;zanox_com_nl_xml_nl_shopping;1357;0;https://www.jemappelle.nl/media/xmlFeedExport/zanox/Stylelounge.xml
p_run;1567526513;zanox_com_nl_xml_nl_shopping;1612;0;https://www.jemappelle.nl/media/xmlFeedExport/zanox/StyleLounge.xml
p_run;1567530132;zanox_com_nl_xml_nl_shopping;1623;0;https://www.jemappelle.nl/media/xmlFeedExport/zanox/StyleLounge.xml
p_run;1567530133;google_nl_xml_nl_rss_2_0;341;0;https://www.jemappelle.nl/media/xmlFeedExport/google/Facebook.xml
p_run;1567533717;zanox_com_nl_xml_nl_shopping;1618;0;https://www.jemappelle.nl/media/xmlFeedExport/zanox/StyleLounge.xml
p_run;1567533720;custom_feed_layout_xml_international_product;1319;0;https://www.jemappelle.nl/media/xmlFeedExport/custom/Criteo.xml
p_run;1567533723;zanox_com_nl_xml_nl_shopping;1355;0;https://www.jemappelle.nl/media/xmlFeedExport/zanox/Stylelounge.xml
p_run;1567537280;zanox_com_nl_xml_nl_shopping;1627;0;https://www.jemappelle.nl/media/xmlFeedExport/zanox/StyleLounge.xml
p_run;1567540878;zanox_com_nl_xml_nl_shopping;1639;0;https://www.jemappelle.nl/media/xmlFeedExport/zanox/StyleLounge.xml
p_run;1567540879;google_nl_xml_nl_rss_2_0;342;0;https://www.jemappelle.nl/media/xmlFeedExport/google/Facebook.xml
p_run;1567544495;zanox_com_nl_xml_nl_shopping;1632;0;https://www.jemappelle.nl/media/xmlFeedExport/zanox/StyleLounge.xml
p_run;1567544497;custom_feed_layout_xml_international_product;1319;0;https://www.jemappelle.nl/media/xmlFeedExport/custom/Criteo.xml
p_run;1567544500;zanox_com_nl_xml_nl_shopping;1368;0;https://www.jemappelle.nl/media/xmlFeedExport/zanox/Stylelounge.xml
p_run;1567548071;zanox_com_nl_xml_nl_shopping;1626;0;https://www.jemappelle.nl/media/xmlFeedExport/zanox/StyleLounge.xml
p_run;1567551711;zanox_com_nl_xml_nl_shopping;1622;0;https://www.jemappelle.nl/media/xmlFeedExport/zanox/StyleLounge.xml
p_run;1567551712;google_nl_xml_nl_rss_2_0;341;0;https://www.jemappelle.nl/media/xmlFeedExport/google/Facebook.xml
p_run;1567578925;google_nl_xml_nl_rss_2_0;340;0;https://www.jemappelle.nl/media/xmlFeedExport/google/Facebook.xml
p_run;1567578927;zanox_com_nl_xml_nl_shopping;1355;0;https://www.jemappelle.nl/media/xmlFeedExport/zanox/Stylelounge.xml
p_run;1567580487;zanox_com_nl_xml_nl_shopping;1619;0;https://www.jemappelle.nl/media/xmlFeedExport/zanox/StyleLounge.xml
p_run;1567584097;zanox_com_nl_xml_nl_shopping;1617;0;https://www.jemappelle.nl/media/xmlFeedExport/zanox/StyleLounge.xml
p_run;1567584098;google_nl_xml_nl_rss_2_0;340;0;https://www.jemappelle.nl/media/xmlFeedExport/google/Facebook.xml
p_run;1567587697;zanox_com_nl_xml_nl_shopping;1610;0;https://www.jemappelle.nl/media/xmlFeedExport/zanox/StyleLounge.xml
p_run;1567587700;custom_feed_layout_xml_international_product;1319;0;https://www.jemappelle.nl/media/xmlFeedExport/custom/Criteo.xml
p_run;1567587703;zanox_com_nl_xml_nl_shopping;1347;0;https://www.jemappelle.nl/media/xmlFeedExport/zanox/Stylelounge.xml
p_run;1567591322;zanox_com_nl_xml_nl_shopping;1609;0;https://www.jemappelle.nl/media/xmlFeedExport/zanox/StyleLounge.xml
p_run;1567595518;zanox_com_nl_xml_nl_shopping;1608;0;https://www.jemappelle.nl/media/xmlFeedExport/zanox/StyleLounge.xml
p_run;1567595519;google_nl_xml_nl_rss_2_0;336;0;https://www.jemappelle.nl/media/xmlFeedExport/google/Facebook.xml
p_run;1567595535;zanox_com_nl_xml_nl_shopping;1608;0;https://www.jemappelle.nl/media/xmlFeedExport/zanox/StyleLounge.xml
p_run;1567595536;google_nl_xml_nl_rss_2_0;336;0;https://www.jemappelle.nl/media/xmlFeedExport/google/Facebook.xml
p_run;1567595549;zanox_com_nl_xml_nl_shopping;1608;0;https://www.jemappelle.nl/media/xmlFeedExport/zanox/StyleLounge.xml
p_run;1567595550;google_nl_xml_nl_rss_2_0;336;0;https://www.jemappelle.nl/media/xmlFeedExport/google/Facebook.xml