[2019-09-13 06:38:32][INFO][mode: settings][stage: integrity check][step: Settings Step]: started
[2019-09-13 06:38:32][INFO][mode: settings][stage: integrity check][step: Stores Step]: started
[2019-09-13 06:38:32][INFO][mode: settings][stage: data migration][step: Settings Step]: started
[2019-09-13 06:38:39][INFO][mode: settings][stage: data migration][step: Stores Step]: started
[2019-09-13 06:38:40][INFO][mode: settings][stage: volume check][step: Stores Step]: started
[2019-09-13 06:38:40][INFO][mode: settings][stage: volume check][step: Stores Step]: Migration completed
[2019-09-13 06:41:34][INFO][mode: data][stage: integrity check][step: Data Integrity Step]: started
[2019-09-13 06:43:14][ERROR]: Foreign key (FK_CATALOG_EAV_ATTRIBUTE_ATTRIBUTE_ID_EAV_ATTRIBUTE_ATTRIBUTE_ID) constraint fails on source database. Orphan records id: 109,194,195 from `catalog_eav_attribute`.`attribute_id` has no referenced records in `eav_attribute`
[2019-09-13 06:43:14][ERROR]: Foreign key (FK_CAT_PRD_ENTT_INT_ATTR_ID_EAV_ATTR_ATTR_ID) constraint fails on source database. Orphan records id: 109 from `catalog_product_entity_int`.`attribute_id` has no referenced records in `eav_attribute`
[2019-09-13 06:43:14][ERROR]: Foreign key (FK_CAT_PRD_LNK_LNKED_PRD_ID_CAT_PRD_ENTT_ENTT_ID) constraint fails on source database. Orphan records id: 2636,2644,2652,2660,2803,2891,2907,2939,2971,3067 from `catalog_product_link`.`linked_product_id` has no referenced records in `catalog_product_entity`
[2019-09-13 06:43:14][ERROR]: Foreign key (FK_CAT_PRD_LNK_PRD_ID_CAT_PRD_ENTT_ENTT_ID) constraint fails on source database. Orphan records id: 2636,2644,2652,3162 from `catalog_product_link`.`product_id` has no referenced records in `catalog_product_entity`
[2019-09-13 06:43:14][ERROR]: Foreign key (FK_EAV_ENTITY_ATTRIBUTE_ATTRIBUTE) constraint fails on source database. Orphan records id: 109,194,195 from `eav_entity_attribute`.`attribute_id` has no referenced records in `eav_attribute`
[2019-09-13 06:43:14][ERROR]: Foreign key (FK_EAV_ENTITY_ATTRIBUTE_ATTRIBUTE_ID_EAV_ATTRIBUTE_ATTRIBUTE_ID) constraint fails on source database. Orphan records id: 109,194,195 from `eav_entity_attribute`.`attribute_id` has no referenced records in `eav_attribute`
[2019-09-13 06:43:14][ERROR]: Foreign key (FK_SALES_FLAT_INVOICE_ITEM_PARENT_ID_SALES_FLAT_INVOICE_ENTT_ID) constraint fails on source database. Orphan records id: 285882 from `sales_flat_invoice_item`.`parent_id` has no referenced records in `sales_flat_invoice`
[2019-09-13 06:43:14][ERROR]: Foreign key (FK_SALES_FLAT_ORDER_CUSTOMER_ID_CUSTOMER_ENTITY_ENTITY_ID) constraint fails on source database. Orphan records id: 133260 from `sales_flat_order`.`customer_id` has no referenced records in `customer_entity`
[2019-09-13 06:43:14][ERROR]: Foreign key (FK_SALES_FLAT_ORDER_ADDRESS_PARENT_ID_SALES_FLAT_ORDER_ENTITY_ID) constraint fails on source database. Orphan records id: 340004 from `sales_flat_order_address`.`parent_id` has no referenced records in `sales_flat_order`
[2019-09-13 06:43:14][ERROR]: Foreign key (FK_SALES_FLAT_ORDER_GRID_CUSTOMER_ID_CUSTOMER_ENTITY_ENTITY_ID) constraint fails on source database. Orphan records id: 133260 from `sales_flat_order_grid`.`customer_id` has no referenced records in `customer_entity`
[2019-09-13 06:43:14][ERROR]: Foreign key (FK_SALES_FLAT_ORDER_GRID_ENTITY_ID_SALES_FLAT_ORDER_ENTITY_ID) constraint fails on source database. Orphan records id: 340004 from `sales_flat_order_grid`.`entity_id` has no referenced records in `sales_flat_order`
[2019-09-13 06:43:14][ERROR]: Foreign key (FK_SALES_FLAT_ORDER_ITEM_ORDER_ID_SALES_FLAT_ORDER_ENTITY_ID) constraint fails on source database. Orphan records id: 340004,340005,340006,340007 from `sales_flat_order_item`.`order_id` has no referenced records in `sales_flat_order`
[2019-09-13 06:43:14][ERROR]: Foreign key (FK_SALES_FLAT_ORDER_PAYMENT_PARENT_ID_SALES_FLAT_ORDER_ENTITY_ID) constraint fails on source database. Orphan records id: 340004,340005,340006,340007 from `sales_flat_order_payment`.`parent_id` has no referenced records in `sales_flat_order`
[2019-09-13 06:43:14][ERROR]: Foreign key (FK_CE7C71E74CB74DDACED337CEE6753D5E) constraint fails on source database. Orphan records id: 340004,340005,340006,340007,340008 from `sales_flat_order_status_history`.`parent_id` has no referenced records in `sales_flat_order`
[2019-09-13 06:43:14][ERROR]: Foreign key (FK_SALES_FLAT_QUOTE_ADDRESS_QUOTE_ID_SALES_FLAT_QUOTE_ENTITY_ID) constraint fails on source database. Orphan records id: 1171967,1171968 from `sales_flat_quote_address`.`quote_id` has no referenced records in `sales_flat_quote`
[2019-09-13 06:43:14][ERROR]: Foreign key (FK_SALES_FLAT_QUOTE_ITEM_QUOTE_ID_SALES_FLAT_QUOTE_ENTITY_ID) constraint fails on source database. Orphan records id: 1171968,1171969,1171970,1171971 from `sales_flat_quote_item`.`quote_id` has no referenced records in `sales_flat_quote`
[2019-09-13 06:43:14][ERROR]: Foreign key (FK_5F20E478CA64B6891EA8A9D6C2735739) constraint fails on source database. Orphan records id: 5321967,5321968,5321969,5321970,5321971,5321972,5321973,5321974 from `sales_flat_quote_item_option`.`item_id` has no referenced records in `sales_flat_quote_item`
[2019-09-13 06:43:14][ERROR]: Foreign key (FK_SALES_FLAT_QUOTE_PAYMENT_QUOTE_ID_SALES_FLAT_QUOTE_ENTITY_ID) constraint fails on source database. Orphan records id: 1171968,1171969,1171970,1171971,1171972 from `sales_flat_quote_payment`.`quote_id` has no referenced records in `sales_flat_quote`
[2019-09-13 06:43:14][ERROR]: Foreign key (FK_B1F177EFB73D3EDF5322BA64AC48D150) constraint fails on source database. Orphan records id: 2184846,2184852 from `sales_flat_quote_shipping_rate`.`address_id` has no referenced records in `sales_flat_quote_address`
[2019-09-13 06:43:14][ERROR]: Foreign key (FK_SALES_ORDER_TAX_ITEM_ITEM_ID_SALES_FLAT_ORDER_ITEM_ITEM_ID) constraint fails on source database. Orphan records id: 1734221,1734223 from `sales_order_tax_item`.`item_id` has no referenced records in `sales_flat_order_item`
[2019-09-13 06:43:14][ERROR]: Foreign key (FK_DA51A10B2405B64A4DAEF77A64F0DAAD) constraint fails on source database. Orphan records id: 339940,339941 from `sales_payment_transaction`.`payment_id` has no referenced records in `sales_flat_order_payment`
[2019-09-13 06:43:14][ERROR]: Foreign key (FK_SALES_PAYMENT_TRANSACTION_ORDER_ID_SALES_FLAT_ORDER_ENTITY_ID) constraint fails on source database. Orphan records id: 340004,340005,340006,340008,340009 from `sales_payment_transaction`.`order_id` has no referenced records in `sales_flat_order`
[2019-09-13 06:43:14][INFO][mode: data][stage: integrity check][step: EAV Step]: started
[2019-09-13 06:43:14][ERROR]: Incompatibility in data. Source document: eav_attribute. Field: backend_model. Error: Class onsale/entity_attribute_backend_boolean_config is not mapped in record attribute_id=143
[2019-09-13 06:43:14][ERROR]: Incompatibility in data. Source document: eav_attribute. Field: source_model. Error: Class onsale/entity_attribute_source_boolean_config is not mapped in record attribute_id=143
[2019-09-13 06:43:14][ERROR]: Incompatibility in data. Source document: eav_attribute. Field: backend_model. Error: Class onsale/entity_attribute_backend_position is not mapped in record attribute_id=144
[2019-09-13 06:43:14][ERROR]: Incompatibility in data. Source document: eav_attribute. Field: frontend_model. Error: Class onsale/entity_attribute_frontend_position is not mapped in record attribute_id=144
[2019-09-13 06:43:14][ERROR]: Incompatibility in data. Source document: eav_attribute. Field: source_model. Error: Class onsale/entity_attribute_source_position is not mapped in record attribute_id=144
[2019-09-13 06:43:14][ERROR]: Incompatibility in data. Source document: eav_attribute. Field: backend_model. Error: Class onsale/entity_attribute_backend_image is not mapped in record attribute_id=145
[2019-09-13 06:43:14][ERROR]: Incompatibility in data. Source document: eav_attribute. Field: backend_model. Error: Class onsale/entity_attribute_backend_boolean_config is not mapped in record attribute_id=147
[2019-09-13 06:43:14][ERROR]: Incompatibility in data. Source document: eav_attribute. Field: source_model. Error: Class onsale/entity_attribute_source_boolean_config is not mapped in record attribute_id=147
[2019-09-13 06:43:14][ERROR]: Incompatibility in data. Source document: eav_attribute. Field: backend_model. Error: Class onsale/entity_attribute_backend_position is not mapped in record attribute_id=148
[2019-09-13 06:43:14][ERROR]: Incompatibility in data. Source document: eav_attribute. Field: frontend_model. Error: Class onsale/entity_attribute_frontend_position is not mapped in record attribute_id=148
[2019-09-13 06:43:14][ERROR]: Incompatibility in data. Source document: eav_attribute. Field: source_model. Error: Class onsale/entity_attribute_source_position is not mapped in record attribute_id=148
[2019-09-13 06:43:14][ERROR]: Incompatibility in data. Source document: eav_attribute. Field: backend_model. Error: Class onsale/entity_attribute_backend_image is not mapped in record attribute_id=149
[2019-09-13 06:43:14][ERROR]: Incompatibility in data. Source document: eav_attribute. Field: source_model. Error: Class nscexport/entity_attribute_source_taxonomy is not mapped in record attribute_id=162
[2019-09-13 06:43:14][ERROR]: Incompatibility in data. Source document: eav_attribute. Field: source_model. Error: Class nscexport/entity_attribute_source_taxonomy is not mapped in record attribute_id=163
[2019-09-13 06:43:14][ERROR]: Incompatibility in data. Source document: eav_attribute. Field: source_model. Error: Class nscexport/entity_attribute_source_taxonomy is not mapped in record attribute_id=164
[2019-09-13 06:43:14][ERROR]: Incompatibility in data. Source document: eav_attribute. Field: source_model. Error: Class nscexport/entity_attribute_source_taxonomy is not mapped in record attribute_id=165
[2019-09-13 06:43:14][ERROR]: Incompatibility in data. Source document: eav_attribute. Field: source_model. Error: Class nscexport/entity_attribute_source_taxonomy is not mapped in record attribute_id=166
[2019-09-13 06:43:14][ERROR]: Incompatibility in data. Source document: eav_attribute. Field: source_model. Error: Class nscexport/entity_attribute_source_taxonomy is not mapped in record attribute_id=167
[2019-09-13 06:43:14][ERROR]: Incompatibility in data. Source document: eav_attribute. Field: source_model. Error: Class nscexport/entity_attribute_source_taxonomy is not mapped in record attribute_id=168
[2019-09-13 06:43:14][ERROR]: Incompatibility in data. Source document: eav_attribute. Field: source_model. Error: Class nscexport/entity_attribute_source_taxonomy is not mapped in record attribute_id=169
[2019-09-13 06:43:14][ERROR]: Incompatibility in data. Source document: eav_attribute. Field: source_model. Error: Class nscexport/entity_attribute_source_taxonomy is not mapped in record attribute_id=170
[2019-09-13 06:43:14][ERROR]: Incompatibility in data. Source document: eav_attribute. Field: source_model. Error: Class nscexport/entity_attribute_source_taxonomy is not mapped in record attribute_id=171
[2019-09-13 06:43:14][ERROR]: Incompatibility in data. Source document: eav_attribute. Field: source_model. Error: Class rma/system_config_source_status is not mapped in record attribute_id=177
[2019-09-13 06:43:14][INFO][mode: data][stage: integrity check][step: Customer Attributes Step]: started
[2019-09-13 06:43:15][INFO][mode: data][stage: integrity check][step: Map Step]: started
[2019-09-13 06:43:16][ERROR]: Source documents are not mapped: Klanten_Sample_Sale,am_shopby_filter,am_shopby_page,am_shopby_range,am_shopby_value,am_shopby_value_link,ambannerslite_banners,aw_aheadmetrics_sync,aw_colorswatches_swatch,aw_colorswatches_swatchattribute,aw_core_logger,aw_customsmtp_mail,aw_fb_like,aw_fb_users,aw_followup_config,aw_followup_link_track,aw_followup_queue,aw_followup_rule,aw_followup_unsubscribe,aw_hdu_attachments,aw_hdu_department,aw_hdu_department_permissions,aw_hdu_gateway,aw_hdu_mailbox,aw_hdu_message,aw_hdu_proto,aw_hdu_rpattern,aw_hdu_status,aw_hdu_templates,aw_hdu_ticket,aw_hdu_ticket_flat,aw_lib_logger,aw_marketsuite_filters,aw_marketsuite_index_customer,aw_marketsuite_index_order,aw_onsale_customer_group,aw_onsale_product,aw_onsale_rule,aw_onsale_website,aw_points_coupon,aw_points_coupon_transaction,aw_points_invitation,aw_points_rate,aw_points_rule,aw_points_summary,aw_points_transaction,aw_points_transaction_orderspend,aw_productupdates_catalogrule,aw_productupdates_inventoryindex,aw_productupdates_notific,aw_productupdates_priceindex,aw_productupdates_queue,aw_productupdates_schedule,aw_productupdates_subscribers,aw_raf2_activity,aw_raf2_discount,aw_raf2_orderref,aw_raf2_referral,aw_raf2_rule,aw_raf2_statistics,aw_raf2_transaction,aw_raf2_trigger,aw_rma_entity,aw_rma_entity_comments,aw_rma_entity_reason,aw_rma_entity_status,aw_rma_entity_types,aw_rma_status_template,aw_storecredit,aw_storecredit_creditmemo_totals,aw_storecredit_history,aw_storecredit_history_additional_info,aw_storecredit_invoice_totals,aw_storecredit_order_refunded_totals,aw_storecredit_quote_totals,aw_zblocks,aw_zblocks_condition,aw_zblocks_content,buckaroo_certificates,core_translate_abel,customercredit_code,customercredit_code_log,customercredit_credit,customercredit_credit_log,customercredit_rules,customercredit_rules_customer,customercredit_rules_customer_action,customercredit_rules_customer_log,displaze_my_slideshow,docdata_lock,ebizmarts_abandonedcart_abtesting,ebizmarts_abandonedcart_popup,ebizmarts_autoresponder_backtostock,ebizmarts_autoresponder_backtostock_alert,ebizmarts_autoresponder_review,ebizmarts_autoresponder_unsubscribe,ebizmarts_autoresponder_visited,exactonline_address,exactonline_address_copy,exactonline_log_creditorder,exactonline_log_customer,exactonline_log_guest,exactonline_log_order,exactonline_log_product,exactonline_log_shipment,exactonline_setting,exactonline_setting_category,exactonline_setting_option,find_feed_import_codes,imaclean,iwd_notification,iwd_product_video,iwd_video,klanten_kerstmailing,klantenbestand,klarnapclasses,lookbookslider,lookbookslider_category,lookbookslider_page,lookbookslider_slide,m_mstcore_attachment,m_mstcore_logger,m_mstcore_urlrewrite,m_rma_attachment,m_rma_comment,m_rma_condition,m_rma_fedex_label,m_rma_field,m_rma_item,m_rma_offline_item,m_rma_offline_order,m_rma_reason,m_rma_resolution,m_rma_return_address,m_rma_rma,m_rma_rma_creditmemo,m_rma_rma_order,m_rma_rma_store,m_rma_rule,m_rma_status,m_rma_template,m_rma_template_store,magemonkey_api_debug,magemonkey_async_orders,magemonkey_async_subscribers,magemonkey_async_webhooks,magemonkey_bulksync_export,magemonkey_bulksync_import,magemonkey_ecommerce360,magemonkey_last_order,magemonkey_mails_sent,mollie_methods,mollie_order_lines,mollie_payments,mt_email_var,nostress_export,nostress_export_cache_categories,nostress_export_cache_categorypath,nostress_export_cache_mediagallery,nostress_export_cache_superattributes,nostress_export_cache_tax,nostress_export_cache_weee,nostress_export_categoryproducts,nostress_export_cron,nostress_export_enginecategory,nostress_export_feed,nostress_export_plugin,nostress_export_taxonomy_setup,tig_buckaroo_giftcard,tmp_cib,tmp_customers_2015,tmp_customers_2015_v2,tmp_customers_2016,tmp_customers_2016_v2,tmp_customers_2017,tmp_customers_2017_v2,tmp_ean_import,translator_cron,translator_logcron,transsmart_carrier,transsmart_carrierprofile,transsmart_costcenter,transsmart_emailtype,transsmart_incoterm,transsmart_packagetype,transsmart_servicelevel_other,transsmart_servicelevel_time,transsmart_shipmentlocation,transsmart_sync,twm_ean
[2019-09-13 06:43:16][ERROR]: Source fields are not mapped. Document: adminnotification_inbox. Fields: is_amasty,expiration_date,image_url
[2019-09-13 06:43:16][ERROR]: Source fields are not mapped. Document: core_email_template. Fields: is_mtemail,store_id,locale,template_plain_text
[2019-09-13 06:43:16][ERROR]: Source fields are not mapped. Document: core_session. Fields: website_id
[2019-09-13 06:43:16][ERROR]: Source fields are not mapped. Document: core_translate. Fields: is_imported,is_missing,is_hidden
[2019-09-13 06:43:16][ERROR]: Source fields are not mapped. Document: product_alert_price. Fields: parent_id,email
[2019-09-13 06:43:16][ERROR]: Source fields are not mapped. Document: product_alert_stock. Fields: parent_id,email
[2019-09-13 06:43:16][ERROR]: Source fields are not mapped. Document: sales_flat_creditmemo. Fields: transaction_key,customer_credit_amount,base_customer_credit_amount
[2019-09-13 06:43:16][ERROR]: Source fields are not mapped. Document: sales_flat_invoice. Fields: docdata_fee_tax_amount,docdata_fee_amount,customer_credit_amount,base_customer_credit_amount,billink_fee,base_billink_fee,billink_fee_incl_tax,base_billink_fee_incl_tax,billink_fee_tax,base_billink_fee_tax
[2019-09-13 06:43:16][ERROR]: Source fields are not mapped. Document: sales_flat_order. Fields: onestepcheckout_customercomment,onestepcheckout_customerfeedback,transaction_key,payment_method_used_for_transaction,currency_code_used_for_transaction,ebizmarts_abandonedcart_flag,ebizmarts_magemonkey_campaign_id,docdata_payment_id,docdata_fee_tax_amount,docdata_payment_order_key,docdata_fee_amount,customer_credit_amount,base_customer_credit_amount,customer_credit_invoiced,base_customer_credit_invoiced,customer_credit_refunded,base_customer_credit_refunded,billink_fee,base_billink_fee,billink_fee_incl_tax,base_billink_fee_incl_tax,billink_fee_tax,base_billink_fee_tax,billink_workflow_number,buckaroo_secure_enrolled,buckaroo_secure_authenticated,buckaroo_fee,base_buckaroo_fee,buckaroo_fee_invoiced,mollie_transaction_id
[2019-09-13 06:43:16][ERROR]: Source fields are not mapped. Document: sales_flat_order_address. Fields: docdata_extra_street,docdata_extra_housenumber,docdata_extra_housenumber_addition,docdata_extra_telephone,care_of,transsmart_servicepoint_id,transsmart_carrierprofile_id
[2019-09-13 06:43:16][ERROR]: Source fields are not mapped. Document: sales_flat_quote. Fields: ebizmarts_abandonedcart_counter,ebizmarts_abandonedcart_flag,ebizmarts_abandonedcart_token,docdata_fee_tax_amount,docdata_fee_amount,customer_credit_total,base_customer_credit_total,onestepcheckout_customercomment,onestepcheckout_customerfeedback,klarna_checkout_id,klarna_checkout_newsletter,billink_fee,base_billink_fee,billink_fee_incl_tax,base_billink_fee_incl_tax,billink_fee_tax,base_billink_fee_tax,billink_workflow_number,club_jma
[2019-09-13 06:43:16][ERROR]: Source fields are not mapped. Document: sales_flat_quote_address. Fields: docdata_extra_street,docdata_extra_housenumber,docdata_extra_housenumber_addition,docdata_extra_telephone,customer_credit_amount,base_customer_credit_amount,care_of,billink_fee,transsmart_servicepoint_id,transsmart_carrierprofile_id
[2019-09-13 06:43:16][ERROR]: Source fields are not mapped. Document: sales_flat_quote_shipping_rate. Fields: transsmart_carrierprofile_id
[2019-09-13 06:43:16][ERROR]: Source fields are not mapped. Document: sales_flat_shipment. Fields: transsmart_carrierprofile_id,transsmart_shipmentlocation_id,transsmart_emailtype_id,transsmart_incoterm_id,transsmart_costcenter_id,transsmart_packages,transsmart_flags,transsmart_document_id,transsmart_status,transsmart_shipment_error,transsmart_tracking_url,transsmart_final_carrier_id,transsmart_final_servicelevel_time_id,transsmart_final_servicelevel_other_id,mollie_shipment_id
[2019-09-13 06:43:16][ERROR]: Source fields are not mapped. Document: salesrule. Fields: promo_sku,amstore_ids,ampromo_type,ampromo_discount_value,ampromo_min_price,ampromo_use_discount_amount,ampromo_show_orig_price,ampromo_free_shipping,promo_cats,ampromo_top_banner_description,ampromo_top_banner_img,ampromo_top_banner_alt,ampromo_top_banner_hover_text,ampromo_top_banner_link,ampromo_top_banner_gift_images,ampromo_after_name_banner_description,ampromo_after_name_banner_img,ampromo_after_name_banner_alt,ampromo_after_name_banner_hover_text,ampromo_after_name_banner_link,ampromo_after_name_banner_gift_images,ampromo_label_img,ampromo_label_alt,ampromo_prefix,ampromo_top_banner_enable,ampromo_after_name_banner_enable,ampromo_label_enable
[2019-09-13 06:43:16][ERROR]: Source fields are not mapped. Document: shipping_tablerate. Fields: transsmart_carrierprofile_id
[2019-09-13 06:43:16][WARNING]: Mismatch of data types. Source document: importexport_importdata. Fields: behavior
[2019-09-13 06:43:16][WARNING]: Mismatch of data types. Source document: salesrule. Fields: discount_step
[2019-09-13 06:43:16][WARNING]: Mismatch of data types. Destination document: importexport_importdata. Fields: behavior
[2019-09-13 06:43:16][WARNING]: Mismatch of data types. Destination document: salesrule. Fields: discount_step
[2019-09-13 06:43:16][INFO][mode: data][stage: integrity check][step: Url Rewrite Step]: started
[2019-09-13 06:43:16][INFO][mode: data][stage: integrity check][step: Log Step]: started
[2019-09-13 06:43:16][INFO][mode: data][stage: integrity check][step: Ratings Step]: started
[2019-09-13 06:43:16][INFO][mode: data][stage: integrity check][step: ConfigurablePrices step]: started
[2019-09-13 06:43:16][INFO][mode: data][stage: integrity check][step: OrderGrids Step]: started
[2019-09-13 06:43:16][INFO][mode: data][stage: integrity check][step: Tier Price Step]: started
[2019-09-13 06:43:16][INFO][mode: data][stage: integrity check][step: SalesIncrement Step]: started
[2019-09-13 06:43:16][INFO][mode: data][stage: integrity check][step: Inventory Step]: started
[NOTICE]: You can use --auto or -a option to ignore not mapped differences between source and destination to continue migration
[2019-09-13 06:44:34][INFO][mode: data][stage: integrity check][step: Data Integrity Step]: started
[2019-09-13 06:46:03][WARNING]: Foreign key (FK_CATALOG_EAV_ATTRIBUTE_ATTRIBUTE_ID_EAV_ATTRIBUTE_ATTRIBUTE_ID) constraint fails on source database. Orphan records id: 109,194,195 from `catalog_eav_attribute`.`attribute_id` has no referenced records in `eav_attribute`
[2019-09-13 06:46:03][WARNING]: Foreign key (FK_CAT_PRD_ENTT_INT_ATTR_ID_EAV_ATTR_ATTR_ID) constraint fails on source database. Orphan records id: 109 from `catalog_product_entity_int`.`attribute_id` has no referenced records in `eav_attribute`
[2019-09-13 06:46:03][WARNING]: Foreign key (FK_CAT_PRD_LNK_LNKED_PRD_ID_CAT_PRD_ENTT_ENTT_ID) constraint fails on source database. Orphan records id: 2636,2644,2652,2660,2803,2891,2907,2939,2971,3067 from `catalog_product_link`.`linked_product_id` has no referenced records in `catalog_product_entity`
[2019-09-13 06:46:03][WARNING]: Foreign key (FK_CAT_PRD_LNK_PRD_ID_CAT_PRD_ENTT_ENTT_ID) constraint fails on source database. Orphan records id: 2636,2644,2652,3162 from `catalog_product_link`.`product_id` has no referenced records in `catalog_product_entity`
[2019-09-13 06:46:03][WARNING]: Foreign key (FK_EAV_ENTITY_ATTRIBUTE_ATTRIBUTE) constraint fails on source database. Orphan records id: 109,194,195 from `eav_entity_attribute`.`attribute_id` has no referenced records in `eav_attribute`
[2019-09-13 06:46:03][WARNING]: Foreign key (FK_EAV_ENTITY_ATTRIBUTE_ATTRIBUTE_ID_EAV_ATTRIBUTE_ATTRIBUTE_ID) constraint fails on source database. Orphan records id: 109,194,195 from `eav_entity_attribute`.`attribute_id` has no referenced records in `eav_attribute`
[2019-09-13 06:46:03][WARNING]: Foreign key (FK_SALES_FLAT_INVOICE_ITEM_PARENT_ID_SALES_FLAT_INVOICE_ENTT_ID) constraint fails on source database. Orphan records id: 285882 from `sales_flat_invoice_item`.`parent_id` has no referenced records in `sales_flat_invoice`
[2019-09-13 06:46:03][WARNING]: Foreign key (FK_SALES_FLAT_ORDER_CUSTOMER_ID_CUSTOMER_ENTITY_ENTITY_ID) constraint fails on source database. Orphan records id: 133260 from `sales_flat_order`.`customer_id` has no referenced records in `customer_entity`
[2019-09-13 06:46:03][WARNING]: Foreign key (FK_SALES_FLAT_ORDER_ADDRESS_PARENT_ID_SALES_FLAT_ORDER_ENTITY_ID) constraint fails on source database. Orphan records id: 340004 from `sales_flat_order_address`.`parent_id` has no referenced records in `sales_flat_order`
[2019-09-13 06:46:03][WARNING]: Foreign key (FK_SALES_FLAT_ORDER_GRID_CUSTOMER_ID_CUSTOMER_ENTITY_ENTITY_ID) constraint fails on source database. Orphan records id: 133260 from `sales_flat_order_grid`.`customer_id` has no referenced records in `customer_entity`
[2019-09-13 06:46:03][WARNING]: Foreign key (FK_SALES_FLAT_ORDER_GRID_ENTITY_ID_SALES_FLAT_ORDER_ENTITY_ID) constraint fails on source database. Orphan records id: 340004 from `sales_flat_order_grid`.`entity_id` has no referenced records in `sales_flat_order`
[2019-09-13 06:46:03][WARNING]: Foreign key (FK_SALES_FLAT_ORDER_ITEM_ORDER_ID_SALES_FLAT_ORDER_ENTITY_ID) constraint fails on source database. Orphan records id: 340004,340005,340006,340007 from `sales_flat_order_item`.`order_id` has no referenced records in `sales_flat_order`
[2019-09-13 06:46:03][WARNING]: Foreign key (FK_SALES_FLAT_ORDER_PAYMENT_PARENT_ID_SALES_FLAT_ORDER_ENTITY_ID) constraint fails on source database. Orphan records id: 340004,340005,340006,340007 from `sales_flat_order_payment`.`parent_id` has no referenced records in `sales_flat_order`
[2019-09-13 06:46:03][WARNING]: Foreign key (FK_CE7C71E74CB74DDACED337CEE6753D5E) constraint fails on source database. Orphan records id: 340004,340005,340006,340007,340008 from `sales_flat_order_status_history`.`parent_id` has no referenced records in `sales_flat_order`
[2019-09-13 06:46:03][WARNING]: Foreign key (FK_SALES_FLAT_QUOTE_ADDRESS_QUOTE_ID_SALES_FLAT_QUOTE_ENTITY_ID) constraint fails on source database. Orphan records id: 1171967,1171968 from `sales_flat_quote_address`.`quote_id` has no referenced records in `sales_flat_quote`
[2019-09-13 06:46:03][WARNING]: Foreign key (FK_SALES_FLAT_QUOTE_ITEM_QUOTE_ID_SALES_FLAT_QUOTE_ENTITY_ID) constraint fails on source database. Orphan records id: 1171968,1171969,1171970,1171971 from `sales_flat_quote_item`.`quote_id` has no referenced records in `sales_flat_quote`
[2019-09-13 06:46:03][WARNING]: Foreign key (FK_5F20E478CA64B6891EA8A9D6C2735739) constraint fails on source database. Orphan records id: 5321967,5321968,5321969,5321970,5321971,5321972,5321973,5321974 from `sales_flat_quote_item_option`.`item_id` has no referenced records in `sales_flat_quote_item`
[2019-09-13 06:46:03][WARNING]: Foreign key (FK_SALES_FLAT_QUOTE_PAYMENT_QUOTE_ID_SALES_FLAT_QUOTE_ENTITY_ID) constraint fails on source database. Orphan records id: 1171968,1171969,1171970,1171971,1171972 from `sales_flat_quote_payment`.`quote_id` has no referenced records in `sales_flat_quote`
[2019-09-13 06:46:03][WARNING]: Foreign key (FK_B1F177EFB73D3EDF5322BA64AC48D150) constraint fails on source database. Orphan records id: 2184846,2184852 from `sales_flat_quote_shipping_rate`.`address_id` has no referenced records in `sales_flat_quote_address`
[2019-09-13 06:46:03][WARNING]: Foreign key (FK_SALES_ORDER_TAX_ITEM_ITEM_ID_SALES_FLAT_ORDER_ITEM_ITEM_ID) constraint fails on source database. Orphan records id: 1734221,1734223 from `sales_order_tax_item`.`item_id` has no referenced records in `sales_flat_order_item`
[2019-09-13 06:46:03][WARNING]: Foreign key (FK_DA51A10B2405B64A4DAEF77A64F0DAAD) constraint fails on source database. Orphan records id: 339940,339941 from `sales_payment_transaction`.`payment_id` has no referenced records in `sales_flat_order_payment`
[2019-09-13 06:46:03][WARNING]: Foreign key (FK_SALES_PAYMENT_TRANSACTION_ORDER_ID_SALES_FLAT_ORDER_ENTITY_ID) constraint fails on source database. Orphan records id: 340004,340005,340006,340008,340009 from `sales_payment_transaction`.`order_id` has no referenced records in `sales_flat_order`
[2019-09-13 06:46:03][INFO][mode: data][stage: integrity check][step: EAV Step]: started
[2019-09-13 06:46:03][WARNING]: Incompatibility in data. Source document: eav_attribute. Field: backend_model. Error: Class onsale/entity_attribute_backend_boolean_config is not mapped in record attribute_id=143
[2019-09-13 06:46:03][WARNING]: Incompatibility in data. Source document: eav_attribute. Field: source_model. Error: Class onsale/entity_attribute_source_boolean_config is not mapped in record attribute_id=143
[2019-09-13 06:46:03][WARNING]: Incompatibility in data. Source document: eav_attribute. Field: backend_model. Error: Class onsale/entity_attribute_backend_position is not mapped in record attribute_id=144
[2019-09-13 06:46:03][WARNING]: Incompatibility in data. Source document: eav_attribute. Field: frontend_model. Error: Class onsale/entity_attribute_frontend_position is not mapped in record attribute_id=144
[2019-09-13 06:46:03][WARNING]: Incompatibility in data. Source document: eav_attribute. Field: source_model. Error: Class onsale/entity_attribute_source_position is not mapped in record attribute_id=144
[2019-09-13 06:46:03][WARNING]: Incompatibility in data. Source document: eav_attribute. Field: backend_model. Error: Class onsale/entity_attribute_backend_image is not mapped in record attribute_id=145
[2019-09-13 06:46:03][WARNING]: Incompatibility in data. Source document: eav_attribute. Field: backend_model. Error: Class onsale/entity_attribute_backend_boolean_config is not mapped in record attribute_id=147
[2019-09-13 06:46:03][WARNING]: Incompatibility in data. Source document: eav_attribute. Field: source_model. Error: Class onsale/entity_attribute_source_boolean_config is not mapped in record attribute_id=147
[2019-09-13 06:46:03][WARNING]: Incompatibility in data. Source document: eav_attribute. Field: backend_model. Error: Class onsale/entity_attribute_backend_position is not mapped in record attribute_id=148
[2019-09-13 06:46:03][WARNING]: Incompatibility in data. Source document: eav_attribute. Field: frontend_model. Error: Class onsale/entity_attribute_frontend_position is not mapped in record attribute_id=148
[2019-09-13 06:46:03][WARNING]: Incompatibility in data. Source document: eav_attribute. Field: source_model. Error: Class onsale/entity_attribute_source_position is not mapped in record attribute_id=148
[2019-09-13 06:46:03][WARNING]: Incompatibility in data. Source document: eav_attribute. Field: backend_model. Error: Class onsale/entity_attribute_backend_image is not mapped in record attribute_id=149
[2019-09-13 06:46:03][WARNING]: Incompatibility in data. Source document: eav_attribute. Field: source_model. Error: Class nscexport/entity_attribute_source_taxonomy is not mapped in record attribute_id=162
[2019-09-13 06:46:03][WARNING]: Incompatibility in data. Source document: eav_attribute. Field: source_model. Error: Class nscexport/entity_attribute_source_taxonomy is not mapped in record attribute_id=163
[2019-09-13 06:46:03][WARNING]: Incompatibility in data. Source document: eav_attribute. Field: source_model. Error: Class nscexport/entity_attribute_source_taxonomy is not mapped in record attribute_id=164
[2019-09-13 06:46:03][WARNING]: Incompatibility in data. Source document: eav_attribute. Field: source_model. Error: Class nscexport/entity_attribute_source_taxonomy is not mapped in record attribute_id=165
[2019-09-13 06:46:03][WARNING]: Incompatibility in data. Source document: eav_attribute. Field: source_model. Error: Class nscexport/entity_attribute_source_taxonomy is not mapped in record attribute_id=166
[2019-09-13 06:46:03][WARNING]: Incompatibility in data. Source document: eav_attribute. Field: source_model. Error: Class nscexport/entity_attribute_source_taxonomy is not mapped in record attribute_id=167
[2019-09-13 06:46:03][WARNING]: Incompatibility in data. Source document: eav_attribute. Field: source_model. Error: Class nscexport/entity_attribute_source_taxonomy is not mapped in record attribute_id=168
[2019-09-13 06:46:03][WARNING]: Incompatibility in data. Source document: eav_attribute. Field: source_model. Error: Class nscexport/entity_attribute_source_taxonomy is not mapped in record attribute_id=169
[2019-09-13 06:46:03][WARNING]: Incompatibility in data. Source document: eav_attribute. Field: source_model. Error: Class nscexport/entity_attribute_source_taxonomy is not mapped in record attribute_id=170
[2019-09-13 06:46:03][WARNING]: Incompatibility in data. Source document: eav_attribute. Field: source_model. Error: Class nscexport/entity_attribute_source_taxonomy is not mapped in record attribute_id=171
[2019-09-13 06:46:03][WARNING]: Incompatibility in data. Source document: eav_attribute. Field: source_model. Error: Class rma/system_config_source_status is not mapped in record attribute_id=177
[2019-09-13 06:46:03][INFO][mode: data][stage: integrity check][step: Customer Attributes Step]: started
[2019-09-13 06:46:03][INFO][mode: data][stage: integrity check][step: Map Step]: started
[2019-09-13 06:46:04][WARNING]: Source documents are not mapped: Klanten_Sample_Sale,am_shopby_filter,am_shopby_page,am_shopby_range,am_shopby_value,am_shopby_value_link,ambannerslite_banners,aw_aheadmetrics_sync,aw_colorswatches_swatch,aw_colorswatches_swatchattribute,aw_core_logger,aw_customsmtp_mail,aw_fb_like,aw_fb_users,aw_followup_config,aw_followup_link_track,aw_followup_queue,aw_followup_rule,aw_followup_unsubscribe,aw_hdu_attachments,aw_hdu_department,aw_hdu_department_permissions,aw_hdu_gateway,aw_hdu_mailbox,aw_hdu_message,aw_hdu_proto,aw_hdu_rpattern,aw_hdu_status,aw_hdu_templates,aw_hdu_ticket,aw_hdu_ticket_flat,aw_lib_logger,aw_marketsuite_filters,aw_marketsuite_index_customer,aw_marketsuite_index_order,aw_onsale_customer_group,aw_onsale_product,aw_onsale_rule,aw_onsale_website,aw_points_coupon,aw_points_coupon_transaction,aw_points_invitation,aw_points_rate,aw_points_rule,aw_points_summary,aw_points_transaction,aw_points_transaction_orderspend,aw_productupdates_catalogrule,aw_productupdates_inventoryindex,aw_productupdates_notific,aw_productupdates_priceindex,aw_productupdates_queue,aw_productupdates_schedule,aw_productupdates_subscribers,aw_raf2_activity,aw_raf2_discount,aw_raf2_orderref,aw_raf2_referral,aw_raf2_rule,aw_raf2_statistics,aw_raf2_transaction,aw_raf2_trigger,aw_rma_entity,aw_rma_entity_comments,aw_rma_entity_reason,aw_rma_entity_status,aw_rma_entity_types,aw_rma_status_template,aw_storecredit,aw_storecredit_creditmemo_totals,aw_storecredit_history,aw_storecredit_history_additional_info,aw_storecredit_invoice_totals,aw_storecredit_order_refunded_totals,aw_storecredit_quote_totals,aw_zblocks,aw_zblocks_condition,aw_zblocks_content,buckaroo_certificates,core_translate_abel,customercredit_code,customercredit_code_log,customercredit_credit,customercredit_credit_log,customercredit_rules,customercredit_rules_customer,customercredit_rules_customer_action,customercredit_rules_customer_log,displaze_my_slideshow,docdata_lock,ebizmarts_abandonedcart_abtesting,ebizmarts_abandonedcart_popup,ebizmarts_autoresponder_backtostock,ebizmarts_autoresponder_backtostock_alert,ebizmarts_autoresponder_review,ebizmarts_autoresponder_unsubscribe,ebizmarts_autoresponder_visited,exactonline_address,exactonline_address_copy,exactonline_log_creditorder,exactonline_log_customer,exactonline_log_guest,exactonline_log_order,exactonline_log_product,exactonline_log_shipment,exactonline_setting,exactonline_setting_category,exactonline_setting_option,find_feed_import_codes,imaclean,iwd_notification,iwd_product_video,iwd_video,klanten_kerstmailing,klantenbestand,klarnapclasses,lookbookslider,lookbookslider_category,lookbookslider_page,lookbookslider_slide,m_mstcore_attachment,m_mstcore_logger,m_mstcore_urlrewrite,m_rma_attachment,m_rma_comment,m_rma_condition,m_rma_fedex_label,m_rma_field,m_rma_item,m_rma_offline_item,m_rma_offline_order,m_rma_reason,m_rma_resolution,m_rma_return_address,m_rma_rma,m_rma_rma_creditmemo,m_rma_rma_order,m_rma_rma_store,m_rma_rule,m_rma_status,m_rma_template,m_rma_template_store,magemonkey_api_debug,magemonkey_async_orders,magemonkey_async_subscribers,magemonkey_async_webhooks,magemonkey_bulksync_export,magemonkey_bulksync_import,magemonkey_ecommerce360,magemonkey_last_order,magemonkey_mails_sent,mollie_methods,mollie_order_lines,mollie_payments,mt_email_var,nostress_export,nostress_export_cache_categories,nostress_export_cache_categorypath,nostress_export_cache_mediagallery,nostress_export_cache_superattributes,nostress_export_cache_tax,nostress_export_cache_weee,nostress_export_categoryproducts,nostress_export_cron,nostress_export_enginecategory,nostress_export_feed,nostress_export_plugin,nostress_export_taxonomy_setup,tig_buckaroo_giftcard,tmp_cib,tmp_customers_2015,tmp_customers_2015_v2,tmp_customers_2016,tmp_customers_2016_v2,tmp_customers_2017,tmp_customers_2017_v2,tmp_ean_import,translator_cron,translator_logcron,transsmart_carrier,transsmart_carrierprofile,transsmart_costcenter,transsmart_emailtype,transsmart_incoterm,transsmart_packagetype,transsmart_servicelevel_other,transsmart_servicelevel_time,transsmart_shipmentlocation,transsmart_sync,twm_ean
[2019-09-13 06:46:04][WARNING]: Source fields are not mapped. Document: adminnotification_inbox. Fields: is_amasty,expiration_date,image_url
[2019-09-13 06:46:04][WARNING]: Source fields are not mapped. Document: core_email_template. Fields: is_mtemail,store_id,locale,template_plain_text
[2019-09-13 06:46:04][WARNING]: Source fields are not mapped. Document: core_session. Fields: website_id
[2019-09-13 06:46:04][WARNING]: Source fields are not mapped. Document: core_translate. Fields: is_imported,is_missing,is_hidden
[2019-09-13 06:46:04][WARNING]: Source fields are not mapped. Document: product_alert_price. Fields: parent_id,email
[2019-09-13 06:46:04][WARNING]: Source fields are not mapped. Document: product_alert_stock. Fields: parent_id,email
[2019-09-13 06:46:04][WARNING]: Source fields are not mapped. Document: sales_flat_creditmemo. Fields: transaction_key,customer_credit_amount,base_customer_credit_amount
[2019-09-13 06:46:04][WARNING]: Source fields are not mapped. Document: sales_flat_invoice. Fields: docdata_fee_tax_amount,docdata_fee_amount,customer_credit_amount,base_customer_credit_amount,billink_fee,base_billink_fee,billink_fee_incl_tax,base_billink_fee_incl_tax,billink_fee_tax,base_billink_fee_tax
[2019-09-13 06:46:04][WARNING]: Source fields are not mapped. Document: sales_flat_order. Fields: onestepcheckout_customercomment,onestepcheckout_customerfeedback,transaction_key,payment_method_used_for_transaction,currency_code_used_for_transaction,ebizmarts_abandonedcart_flag,ebizmarts_magemonkey_campaign_id,docdata_payment_id,docdata_fee_tax_amount,docdata_payment_order_key,docdata_fee_amount,customer_credit_amount,base_customer_credit_amount,customer_credit_invoiced,base_customer_credit_invoiced,customer_credit_refunded,base_customer_credit_refunded,billink_fee,base_billink_fee,billink_fee_incl_tax,base_billink_fee_incl_tax,billink_fee_tax,base_billink_fee_tax,billink_workflow_number,buckaroo_secure_enrolled,buckaroo_secure_authenticated,buckaroo_fee,base_buckaroo_fee,buckaroo_fee_invoiced,mollie_transaction_id
[2019-09-13 06:46:04][WARNING]: Source fields are not mapped. Document: sales_flat_order_address. Fields: docdata_extra_street,docdata_extra_housenumber,docdata_extra_housenumber_addition,docdata_extra_telephone,care_of,transsmart_servicepoint_id,transsmart_carrierprofile_id
[2019-09-13 06:46:04][WARNING]: Source fields are not mapped. Document: sales_flat_quote. Fields: ebizmarts_abandonedcart_counter,ebizmarts_abandonedcart_flag,ebizmarts_abandonedcart_token,docdata_fee_tax_amount,docdata_fee_amount,customer_credit_total,base_customer_credit_total,onestepcheckout_customercomment,onestepcheckout_customerfeedback,klarna_checkout_id,klarna_checkout_newsletter,billink_fee,base_billink_fee,billink_fee_incl_tax,base_billink_fee_incl_tax,billink_fee_tax,base_billink_fee_tax,billink_workflow_number,club_jma
[2019-09-13 06:46:04][WARNING]: Source fields are not mapped. Document: sales_flat_quote_address. Fields: docdata_extra_street,docdata_extra_housenumber,docdata_extra_housenumber_addition,docdata_extra_telephone,customer_credit_amount,base_customer_credit_amount,care_of,billink_fee,transsmart_servicepoint_id,transsmart_carrierprofile_id
[2019-09-13 06:46:04][WARNING]: Source fields are not mapped. Document: sales_flat_quote_shipping_rate. Fields: transsmart_carrierprofile_id
[2019-09-13 06:46:04][WARNING]: Source fields are not mapped. Document: sales_flat_shipment. Fields: transsmart_carrierprofile_id,transsmart_shipmentlocation_id,transsmart_emailtype_id,transsmart_incoterm_id,transsmart_costcenter_id,transsmart_packages,transsmart_flags,transsmart_document_id,transsmart_status,transsmart_shipment_error,transsmart_tracking_url,transsmart_final_carrier_id,transsmart_final_servicelevel_time_id,transsmart_final_servicelevel_other_id,mollie_shipment_id
[2019-09-13 06:46:04][WARNING]: Source fields are not mapped. Document: salesrule. Fields: promo_sku,amstore_ids,ampromo_type,ampromo_discount_value,ampromo_min_price,ampromo_use_discount_amount,ampromo_show_orig_price,ampromo_free_shipping,promo_cats,ampromo_top_banner_description,ampromo_top_banner_img,ampromo_top_banner_alt,ampromo_top_banner_hover_text,ampromo_top_banner_link,ampromo_top_banner_gift_images,ampromo_after_name_banner_description,ampromo_after_name_banner_img,ampromo_after_name_banner_alt,ampromo_after_name_banner_hover_text,ampromo_after_name_banner_link,ampromo_after_name_banner_gift_images,ampromo_label_img,ampromo_label_alt,ampromo_prefix,ampromo_top_banner_enable,ampromo_after_name_banner_enable,ampromo_label_enable
[2019-09-13 06:46:04][WARNING]: Source fields are not mapped. Document: shipping_tablerate. Fields: transsmart_carrierprofile_id
[2019-09-13 06:46:04][WARNING]: Mismatch of data types. Source document: importexport_importdata. Fields: behavior
[2019-09-13 06:46:04][WARNING]: Mismatch of data types. Source document: salesrule. Fields: discount_step
[2019-09-13 06:46:04][WARNING]: Mismatch of data types. Destination document: importexport_importdata. Fields: behavior
[2019-09-13 06:46:04][WARNING]: Mismatch of data types. Destination document: salesrule. Fields: discount_step
[2019-09-13 06:46:04][INFO][mode: data][stage: integrity check][step: Url Rewrite Step]: started
[2019-09-13 06:46:04][INFO][mode: data][stage: integrity check][step: Log Step]: started
[2019-09-13 06:46:04][INFO][mode: data][stage: integrity check][step: Ratings Step]: started
[2019-09-13 06:46:04][INFO][mode: data][stage: integrity check][step: ConfigurablePrices step]: started
[2019-09-13 06:46:04][INFO][mode: data][stage: integrity check][step: OrderGrids Step]: started
[2019-09-13 06:46:04][INFO][mode: data][stage: integrity check][step: Tier Price Step]: started
[2019-09-13 06:46:04][INFO][mode: data][stage: integrity check][step: SalesIncrement Step]: started
[2019-09-13 06:46:04][INFO][mode: data][stage: integrity check][step: Inventory Step]: started
[2019-09-13 06:46:04][INFO][mode: data][stage: setup triggers][step: Stage]: started
[2019-09-13 06:46:44][INFO][mode: data][stage: data migration][step: EAV Step]: started
[2019-09-13 06:46:54][INFO][mode: data][stage: volume check][step: EAV Step]: started
[2019-09-13 06:46:55][INFO][mode: data][stage: data migration][step: Customer Attributes Step]: started
[2019-09-13 07:06:13][INFO][mode: data][stage: volume check][step: Customer Attributes Step]: started
[2019-09-13 07:06:15][INFO][mode: data][stage: data migration][step: Map Step]: started
[2019-09-13 11:04:40][INFO][mode: data][stage: volume check][step: Map Step]: started
[2019-09-13 11:05:30][INFO][mode: data][stage: data migration][step: Url Rewrite Step]: started
[2019-09-13 11:11:21][INFO][mode: data][stage: volume check][step: Url Rewrite Step]: started
[2019-09-13 11:11:21][INFO][mode: data][stage: data migration][step: Log Step]: started
[2019-09-13 11:11:22][INFO][mode: data][stage: volume check][step: Log Step]: started
[2019-09-13 11:11:22][INFO][mode: data][stage: data migration][step: Ratings Step]: started
[2019-09-13 11:11:22][INFO][mode: data][stage: volume check][step: Ratings Step]: started
[2019-09-13 11:11:22][INFO][mode: data][stage: data migration][step: ConfigurablePrices step]: started
[2019-09-13 11:11:23][INFO][mode: data][stage: volume check][step: ConfigurablePrices step]: started
[2019-09-13 11:11:23][INFO][mode: data][stage: data migration][step: OrderGrids Step]: started
[2019-09-13 11:17:00][INFO][mode: data][stage: volume check][step: OrderGrids Step]: started
[2019-09-13 11:17:02][WARNING]: Mismatch of entities in the document: sales_order_grid Source: 297636 Destination: 297635
[2019-09-13 11:17:02][WARNING]: Volume Check failed
[2019-09-13 11:17:02][INFO][mode: data][stage: data migration][step: Tier Price Step]: started
[2019-09-13 11:17:03][INFO][mode: data][stage: volume check][step: Tier Price Step]: started
[2019-09-13 11:17:03][INFO][mode: data][stage: data migration][step: SalesIncrement Step]: started
[2019-09-13 11:17:33][INFO][mode: data][stage: volume check][step: SalesIncrement Step]: started
[2019-09-13 11:17:33][INFO][mode: data][stage: data migration][step: Inventory Step]: started
[2019-09-13 11:17:43][INFO][mode: data][stage: volume check][step: Inventory Step]: started
[2019-09-13 11:17:43][INFO][mode: data][stage: data migration][step: PostProcessing Step]: started
[2019-09-13 11:17:50][INFO][mode: data][stage: data migration][step: PostProcessing Step]: Migration completed
